<?xml version="1.0" encoding="UTF-8"?>
<testsuite name="com.parkingtest.ParkingTest" tests="1" skipped="0" failures="0" errors="0" timestamp="2020-05-01T18:03:11" hostname="DESKTOP-TP3R9VK" time="41.089">
  <properties/>
  <testcase name="givenVehicle_WhenParked_ShouldReturnTrue" classname="com.parkingtest.ParkingTest" time="41.089"/>
  <system-out><![CDATA[]]></system-out>
  <system-err><![CDATA[]]></system-err>
</testsuite>
